[2023-12-09T08:32:58.261+0530] {taskinstance.py:1159} INFO - Dependencies all met for dep_context=non-requeueable deps ti=<TaskInstance: Cricbuzz_ETL.transform manual__2023-12-09T03:02:32.164529+00:00 [queued]>
[2023-12-09T08:32:58.265+0530] {taskinstance.py:1159} INFO - Dependencies all met for dep_context=requeueable deps ti=<TaskInstance: Cricbuzz_ETL.transform manual__2023-12-09T03:02:32.164529+00:00 [queued]>
[2023-12-09T08:32:58.265+0530] {taskinstance.py:1361} INFO - Starting attempt 1 of 1
[2023-12-09T08:32:58.274+0530] {taskinstance.py:1382} INFO - Executing <Task(PythonOperator): transform> on 2023-12-09 03:02:32.164529+00:00
[2023-12-09T08:32:58.277+0530] {standard_task_runner.py:57} INFO - Started process 34257 to run task
[2023-12-09T08:32:58.279+0530] {standard_task_runner.py:84} INFO - Running: ['airflow', 'tasks', 'run', 'Cricbuzz_ETL', 'transform', 'manual__2023-12-09T03:02:32.164529+00:00', '--job-id', '40', '--raw', '--subdir', 'DAGS_FOLDER/Crickbuzz_dag.py', '--cfg-path', '/tmp/tmpvc143uta']
[2023-12-09T08:32:58.279+0530] {standard_task_runner.py:85} INFO - Job 40: Subtask transform
[2023-12-09T08:32:58.300+0530] {task_command.py:416} INFO - Running <TaskInstance: Cricbuzz_ETL.transform manual__2023-12-09T03:02:32.164529+00:00 [running]> on host Iris
[2023-12-09T08:32:58.334+0530] {taskinstance.py:1662} INFO - Exporting env vars: AIRFLOW_CTX_DAG_OWNER='airflow' AIRFLOW_CTX_DAG_ID='Cricbuzz_ETL' AIRFLOW_CTX_TASK_ID='transform' AIRFLOW_CTX_EXECUTION_DATE='2023-12-09T03:02:32.164529+00:00' AIRFLOW_CTX_TRY_NUMBER='1' AIRFLOW_CTX_DAG_RUN_ID='manual__2023-12-09T03:02:32.164529+00:00'
[2023-12-09T08:32:58.344+0530] {logging_mixin.py:154} INFO - AUS IND
[2023-12-09T08:32:58.344+0530] {logging_mixin.py:154} INFO - hi
[2023-12-09T08:32:58.346+0530] {logging_mixin.py:154} INFO - bat
[2023-12-09T08:32:59.051+0530] {taskinstance.py:1937} ERROR - Task failed with exception
Traceback (most recent call last):
  File "/home/rajabala/Desktop/projects/Airflow/airflow_env/lib/python3.9/site-packages/airflow/operators/python.py", line 192, in execute
    return_value = self.execute_callable()
  File "/home/rajabala/Desktop/projects/Airflow/airflow_env/lib/python3.9/site-packages/airflow/operators/python.py", line 209, in execute_callable
    return self.python_callable(*self.op_args, **self.op_kwargs)
  File "/home/rajabala/Desktop/projects/Airflow/dags/Cricbuzz_files/Transform.py", line 420, in clean
    find_length()
  File "/home/rajabala/Desktop/projects/Airflow/dags/Cricbuzz_files/Transform.py", line 188, in find_length
    match=re.search('short|slot|full-toss|back of|good|tosse|full|on a length|yorker|of a length|length delivery|length ball|length on|length,',line,re.IGNORECASE)
NameError: name 're' is not defined
[2023-12-09T08:32:59.053+0530] {taskinstance.py:1400} INFO - Marking task as FAILED. dag_id=Cricbuzz_ETL, task_id=transform, execution_date=20231209T030232, start_date=20231209T030258, end_date=20231209T030259
[2023-12-09T08:32:59.063+0530] {standard_task_runner.py:104} ERROR - Failed to execute job 40 for task transform (name 're' is not defined; 34257)
[2023-12-09T08:32:59.093+0530] {local_task_job_runner.py:228} INFO - Task exited with return code 1
[2023-12-09T08:32:59.109+0530] {taskinstance.py:2778} INFO - 0 downstream tasks scheduled from follow-on schedule check
